build/app/intermediates/manifest_merge_blame_file/debug/manifest-merger-blame-debug-report.txt
1<?xml version="1.0" encoding="utf-8"?>
2<manifest xmlns:android="http://schemas.android.com/apk/res/android"
3    package="com.example.oasisapp"
4    android:versionCode="1"
5    android:versionName="1.0.0" >
6
7    <uses-sdk
8        android:minSdkVersion="21"
9        android:targetSdkVersion="31" />
10    <!--
11         The INTERNET permission is required for development. Specifically,
12         the Flutter tool needs it to communicate with the running application
13         to allow setting breakpoints, to provide hot reload, etc.
14    -->
15    <uses-permission android:name="android.permission.INTERNET" />
15-->src\main\AndroidManifest.xml:4:5-67
15-->src\main\AndroidManifest.xml:4:22-64
16    <uses-permission android:name="android.permission.READ_CONTACTS" />
16-->src\main\AndroidManifest.xml:5:5-72
16-->src\main\AndroidManifest.xml:5:22-69
17    <uses-permission android:name="android.permission.WRITE_CONTACTS" />
17-->src\main\AndroidManifest.xml:6:5-73
17-->src\main\AndroidManifest.xml:6:22-70
18    <uses-permission android:name="android.permission.WRITE_EXTERNAL_STORAGE" />
18-->src\main\AndroidManifest.xml:7:5-80
18-->src\main\AndroidManifest.xml:7:22-78
19    <uses-permission android:name="android.permission.READ_EXTERNAL_STORAGE" />
19-->src\main\AndroidManifest.xml:8:5-79
19-->src\main\AndroidManifest.xml:8:22-77
20    <uses-permission android:name="android.permission.ACCESS_FINE_LOCATION" />
20-->src\main\AndroidManifest.xml:9:5-79
20-->src\main\AndroidManifest.xml:9:22-76
21    <uses-permission android:name="android.permission.ACCESS_COARSE_LOCATION" />
21-->src\main\AndroidManifest.xml:10:5-81
21-->src\main\AndroidManifest.xml:10:22-78
22
23    <queries>
23-->[:file_picker] AndroidManifest.xml:11:5-17:15
24        <intent>
24-->[:file_picker] AndroidManifest.xml:12:9-16:18
25            <action android:name="android.intent.action.GET_CONTENT" />
25-->[:file_picker] AndroidManifest.xml:13:13-72
25-->[:file_picker] AndroidManifest.xml:13:21-69
26
27            <data android:mimeType="*/*" />
27-->[:file_picker] AndroidManifest.xml:15:13-44
27-->[:file_picker] AndroidManifest.xml:15:19-41
28        </intent>
29        <intent>
29-->[:contacts_service] AndroidManifest.xml:10:9-12:18
30            <action android:name="android.accounts.AccountAuthenticator" />
30-->[:contacts_service] AndroidManifest.xml:11:13-76
30-->[:contacts_service] AndroidManifest.xml:11:21-73
31        </intent> <!-- Allows the app to load an icon corresponding to the custom MIME type. -->
32        <intent>
32-->[:contacts_service] AndroidManifest.xml:14:9-21:18
33            <action android:name="android.intent.action.VIEW" />
33-->[:contacts_service] AndroidManifest.xml:15:13-65
33-->[:contacts_service] AndroidManifest.xml:15:21-62
34
35            <data
35-->[:file_picker] AndroidManifest.xml:15:13-44
36                android:host="com.android.contacts"
37                android:mimeType="vnd.android.cursor.item/*"
37-->[:file_picker] AndroidManifest.xml:15:19-41
38                android:scheme="content" />
39        </intent>
40    </queries>
41
42    <uses-permission android:name="android.permission.CAMERA" />
42-->[:flutter_barcode_scanner] AndroidManifest.xml:9:5-65
42-->[:flutter_barcode_scanner] AndroidManifest.xml:9:22-62
43
44    <uses-feature android:name="android.hardware.camera" />
44-->[:flutter_barcode_scanner] AndroidManifest.xml:11:5-60
44-->[:flutter_barcode_scanner] AndroidManifest.xml:11:19-57
45
46    <uses-permission android:name="android.permission.FLASHLIGHT" />
46-->[:flutter_barcode_scanner] AndroidManifest.xml:13:5-69
46-->[:flutter_barcode_scanner] AndroidManifest.xml:13:22-66
47    <uses-permission android:name="android.permission.ACCESS_NETWORK_STATE" />
47-->[:connectivity] AndroidManifest.xml:9:5-79
47-->[:connectivity] AndroidManifest.xml:9:22-76
48    <uses-permission android:name="android.permission.REQUEST_INSTALL_PACKAGES" />
48-->[:open_file] AndroidManifest.xml:10:5-83
48-->[:open_file] AndroidManifest.xml:10:22-80
49    <uses-permission
49-->[:mobile_number] AndroidManifest.xml:9:5-11:38
50        android:name="android.permission.READ_PHONE_STATE"
50-->[:mobile_number] AndroidManifest.xml:10:9-59
51        android:maxSdkVersion="29" />
51-->[:mobile_number] AndroidManifest.xml:11:9-35
52    <uses-permission android:name="android.permission.READ_PHONE_NUMBERS" />
52-->[:mobile_number] AndroidManifest.xml:12:5-77
52-->[:mobile_number] AndroidManifest.xml:12:22-74
53    <uses-permission android:name="android.permission.WAKE_LOCK" />
53-->[com.google.android.gms:play-services-measurement-api:21.1.0] AndroidManifest.xml:24:5-68
53-->[com.google.android.gms:play-services-measurement-api:21.1.0] AndroidManifest.xml:24:22-65
54    <uses-permission android:name="com.google.android.gms.permission.AD_ID" />
54-->[com.google.android.gms:play-services-measurement-api:21.1.0] AndroidManifest.xml:25:5-79
54-->[com.google.android.gms:play-services-measurement-api:21.1.0] AndroidManifest.xml:25:22-76
55    <uses-permission android:name="com.google.android.finsky.permission.BIND_GET_INSTALL_REFERRER_SERVICE" />
55-->[com.google.android.gms:play-services-measurement:21.1.0] AndroidManifest.xml:26:5-110
55-->[com.google.android.gms:play-services-measurement:21.1.0] AndroidManifest.xml:26:22-107
56
57    <application
58        android:name="android.app.Application"
59        android:appComponentFactory="androidx.core.app.CoreComponentFactory"
59-->[androidx.core:core:1.6.0] AndroidManifest.xml:24:18-86
60        android:debuggable="true"
61        android:icon="@mipmap/launcher_icon"
62        android:label="oasisapp"
63        android:largeHeap="true"
63-->[:flutter_barcode_scanner] AndroidManifest.xml:16:9-33
64        android:theme="@style/Theme.AppCompat.NoActionBar" >
64-->[:flutter_barcode_scanner] AndroidManifest.xml:17:9-59
65        <activity
66            android:name="com.example.oasisapp.MainActivity"
67            android:configChanges="orientation|keyboardHidden|keyboard|screenSize|smallestScreenSize|locale|layoutDirection|fontScale|screenLayout|density|uiMode"
68            android:exported="true"
69            android:hardwareAccelerated="true"
70            android:launchMode="singleTop"
71            android:theme="@style/LaunchTheme"
72            android:windowSoftInputMode="adjustResize" >
73
74            <!--
75                 Specifies an Android theme to apply to this Activity as soon as
76                 the Android process has started. This theme is visible to the user
77                 while the Flutter UI initializes. After that, this theme continues
78                 to determine the Window background behind the Flutter UI.
79            -->
80            <meta-data
81                android:name="io.flutter.embedding.android.NormalTheme"
82                android:resource="@style/NormalTheme" />
83
84            <intent-filter>
85                <action android:name="android.intent.action.MAIN" />
86
87                <category android:name="android.intent.category.LAUNCHER" />
88            </intent-filter>
89        </activity>
90        <activity
91            android:name="com.yalantis.ucrop.UCropActivity"
92            android:screenOrientation="portrait"
93            android:theme="@style/Theme.AppCompat.Light.NoActionBar" />
94        <!--
95             Don't delete the meta-data below.
96             This is used by the Flutter tool to generate GeneratedPluginRegistrant.java
97        -->
98        <meta-data
99            android:name="flutterEmbedding"
100            android:value="2" />
101
102        <service
102-->[:firebase_auth] AndroidManifest.xml:10:9-14:19
103            android:name="com.google.firebase.components.ComponentDiscoveryService"
103-->[:firebase_auth] AndroidManifest.xml:10:18-89
104            android:directBootAware="true"
104-->[com.google.firebase:firebase-common:20.1.1] AndroidManifest.xml:35:13-43
105            android:exported="false" >
105-->[com.google.firebase:firebase-auth:21.0.6] AndroidManifest.xml:66:13-37
106            <meta-data
106-->[:firebase_auth] AndroidManifest.xml:11:13-13:85
107                android:name="com.google.firebase.components:io.flutter.plugins.firebase.auth.FlutterFirebaseAuthRegistrar"
107-->[:firebase_auth] AndroidManifest.xml:12:17-124
108                android:value="com.google.firebase.components.ComponentRegistrar" />
108-->[:firebase_auth] AndroidManifest.xml:13:17-82
109            <meta-data
109-->[:firebase_core] AndroidManifest.xml:11:13-13:85
110                android:name="com.google.firebase.components:io.flutter.plugins.firebase.core.FlutterFirebaseCoreRegistrar"
110-->[:firebase_core] AndroidManifest.xml:12:17-124
111                android:value="com.google.firebase.components.ComponentRegistrar" />
111-->[:firebase_core] AndroidManifest.xml:13:17-82
112            <meta-data
112-->[com.google.firebase:firebase-auth:21.0.6] AndroidManifest.xml:67:13-69:85
113                android:name="com.google.firebase.components:com.google.firebase.auth.FirebaseAuthRegistrar"
113-->[com.google.firebase:firebase-auth:21.0.6] AndroidManifest.xml:68:17-109
114                android:value="com.google.firebase.components.ComponentRegistrar" />
114-->[com.google.firebase:firebase-auth:21.0.6] AndroidManifest.xml:69:17-82
115            <meta-data
115-->[com.google.firebase:firebase-firestore:24.2.1] AndroidManifest.xml:20:13-22:85
116                android:name="com.google.firebase.components:com.google.firebase.firestore.FirestoreRegistrar"
116-->[com.google.firebase:firebase-firestore:24.2.1] AndroidManifest.xml:21:17-111
117                android:value="com.google.firebase.components.ComponentRegistrar" />
117-->[com.google.firebase:firebase-firestore:24.2.1] AndroidManifest.xml:22:17-82
118            <meta-data
118-->[com.google.android.gms:play-services-measurement-api:21.1.0] AndroidManifest.xml:31:13-33:85
119                android:name="com.google.firebase.components:com.google.firebase.analytics.connector.internal.AnalyticsConnectorRegistrar"
119-->[com.google.android.gms:play-services-measurement-api:21.1.0] AndroidManifest.xml:32:17-139
120                android:value="com.google.firebase.components.ComponentRegistrar" />
120-->[com.google.android.gms:play-services-measurement-api:21.1.0] AndroidManifest.xml:33:17-82
121            <meta-data
121-->[com.google.firebase:firebase-installations:17.0.1] AndroidManifest.xml:18:13-20:85
122                android:name="com.google.firebase.components:com.google.firebase.installations.FirebaseInstallationsRegistrar"
122-->[com.google.firebase:firebase-installations:17.0.1] AndroidManifest.xml:19:17-127
123                android:value="com.google.firebase.components.ComponentRegistrar" />
123-->[com.google.firebase:firebase-installations:17.0.1] AndroidManifest.xml:20:17-82
124        </service>
125
126        <provider
126-->[:image_picker] AndroidManifest.xml:13:9-21:20
127            android:name="io.flutter.plugins.imagepicker.ImagePickerFileProvider"
127-->[:image_picker] AndroidManifest.xml:14:13-82
128            android:authorities="com.example.oasisapp.flutter.image_provider"
128-->[:image_picker] AndroidManifest.xml:15:13-74
129            android:exported="false"
129-->[:image_picker] AndroidManifest.xml:16:13-37
130            android:grantUriPermissions="true" >
130-->[:image_picker] AndroidManifest.xml:17:13-47
131            <meta-data
131-->[:image_picker] AndroidManifest.xml:18:13-20:75
132                android:name="android.support.FILE_PROVIDER_PATHS"
132-->[:image_picker] AndroidManifest.xml:19:17-67
133                android:resource="@xml/flutter_image_picker_file_paths" />
133-->[:image_picker] AndroidManifest.xml:20:17-72
134        </provider>
135
136        <activity android:name="com.amolg.flutterbarcodescanner.BarcodeCaptureActivity" />
136-->[:flutter_barcode_scanner] AndroidManifest.xml:18:9-91
136-->[:flutter_barcode_scanner] AndroidManifest.xml:18:19-88
137
138        <provider
138-->[:open_file] AndroidManifest.xml:14:9-23:20
139            android:name="com.crazecoder.openfile.FileProvider"
139-->[:open_file] AndroidManifest.xml:15:13-64
140            android:authorities="com.example.oasisapp.fileProvider.com.crazecoder.openfile"
140-->[:open_file] AndroidManifest.xml:16:13-88
141            android:exported="false"
141-->[:open_file] AndroidManifest.xml:17:13-37
142            android:grantUriPermissions="true" >
142-->[:open_file] AndroidManifest.xml:18:13-47
143            <meta-data
143-->[:image_picker] AndroidManifest.xml:18:13-20:75
144                android:name="android.support.FILE_PROVIDER_PATHS"
144-->[:image_picker] AndroidManifest.xml:19:17-67
145                android:resource="@xml/filepaths" />
145-->[:image_picker] AndroidManifest.xml:20:17-72
146        </provider>
147
148        <uses-library
148-->[androidx.window:window:1.0.0-beta04] AndroidManifest.xml:25:9-27:40
149            android:name="androidx.window.extensions"
149-->[androidx.window:window:1.0.0-beta04] AndroidManifest.xml:26:13-54
150            android:required="false" />
150-->[androidx.window:window:1.0.0-beta04] AndroidManifest.xml:27:13-37
151        <uses-library
151-->[androidx.window:window:1.0.0-beta04] AndroidManifest.xml:28:9-30:40
152            android:name="androidx.window.sidecar"
152-->[androidx.window:window:1.0.0-beta04] AndroidManifest.xml:29:13-51
153            android:required="false" />
153-->[androidx.window:window:1.0.0-beta04] AndroidManifest.xml:30:13-37
154
155        <activity
155-->[com.google.firebase:firebase-auth:21.0.6] AndroidManifest.xml:27:9-44:20
156            android:name="com.google.firebase.auth.internal.GenericIdpActivity"
156-->[com.google.firebase:firebase-auth:21.0.6] AndroidManifest.xml:28:13-80
157            android:excludeFromRecents="true"
157-->[com.google.firebase:firebase-auth:21.0.6] AndroidManifest.xml:29:13-46
158            android:exported="true"
158-->[com.google.firebase:firebase-auth:21.0.6] AndroidManifest.xml:30:13-36
159            android:launchMode="singleTask"
159-->[com.google.firebase:firebase-auth:21.0.6] AndroidManifest.xml:31:13-44
160            android:theme="@android:style/Theme.Translucent.NoTitleBar" >
160-->[com.google.firebase:firebase-auth:21.0.6] AndroidManifest.xml:32:13-72
161            <intent-filter>
161-->[com.google.firebase:firebase-auth:21.0.6] AndroidManifest.xml:33:13-43:29
162                <action android:name="android.intent.action.VIEW" />
162-->[:contacts_service] AndroidManifest.xml:15:13-65
162-->[:contacts_service] AndroidManifest.xml:15:21-62
163
164                <category android:name="android.intent.category.DEFAULT" />
164-->[com.google.firebase:firebase-auth:21.0.6] AndroidManifest.xml:36:17-76
164-->[com.google.firebase:firebase-auth:21.0.6] AndroidManifest.xml:36:27-73
165                <category android:name="android.intent.category.BROWSABLE" />
165-->[com.google.firebase:firebase-auth:21.0.6] AndroidManifest.xml:37:17-78
165-->[com.google.firebase:firebase-auth:21.0.6] AndroidManifest.xml:37:27-75
166
167                <data
167-->[:file_picker] AndroidManifest.xml:15:13-44
168                    android:host="firebase.auth"
169                    android:path="/"
170                    android:scheme="genericidp" />
171            </intent-filter>
172        </activity>
173        <activity
173-->[com.google.firebase:firebase-auth:21.0.6] AndroidManifest.xml:45:9-62:20
174            android:name="com.google.firebase.auth.internal.RecaptchaActivity"
174-->[com.google.firebase:firebase-auth:21.0.6] AndroidManifest.xml:46:13-79
175            android:excludeFromRecents="true"
175-->[com.google.firebase:firebase-auth:21.0.6] AndroidManifest.xml:47:13-46
176            android:exported="true"
176-->[com.google.firebase:firebase-auth:21.0.6] AndroidManifest.xml:48:13-36
177            android:launchMode="singleTask"
177-->[com.google.firebase:firebase-auth:21.0.6] AndroidManifest.xml:49:13-44
178            android:theme="@android:style/Theme.Translucent.NoTitleBar" >
178-->[com.google.firebase:firebase-auth:21.0.6] AndroidManifest.xml:50:13-72
179            <intent-filter>
179-->[com.google.firebase:firebase-auth:21.0.6] AndroidManifest.xml:51:13-61:29
180                <action android:name="android.intent.action.VIEW" />
180-->[:contacts_service] AndroidManifest.xml:15:13-65
180-->[:contacts_service] AndroidManifest.xml:15:21-62
181
182                <category android:name="android.intent.category.DEFAULT" />
182-->[com.google.firebase:firebase-auth:21.0.6] AndroidManifest.xml:36:17-76
182-->[com.google.firebase:firebase-auth:21.0.6] AndroidManifest.xml:36:27-73
183                <category android:name="android.intent.category.BROWSABLE" />
183-->[com.google.firebase:firebase-auth:21.0.6] AndroidManifest.xml:37:17-78
183-->[com.google.firebase:firebase-auth:21.0.6] AndroidManifest.xml:37:27-75
184
185                <data
185-->[:file_picker] AndroidManifest.xml:15:13-44
186                    android:host="firebase.auth"
187                    android:path="/"
188                    android:scheme="recaptcha" />
189            </intent-filter>
190        </activity>
191
192        <provider
192-->[com.google.firebase:firebase-common:20.1.1] AndroidManifest.xml:26:9-31:39
193            android:name="com.google.firebase.provider.FirebaseInitProvider"
193-->[com.google.firebase:firebase-common:20.1.1] AndroidManifest.xml:27:13-77
194            android:authorities="com.example.oasisapp.firebaseinitprovider"
194-->[com.google.firebase:firebase-common:20.1.1] AndroidManifest.xml:28:13-72
195            android:directBootAware="true"
195-->[com.google.firebase:firebase-common:20.1.1] AndroidManifest.xml:29:13-43
196            android:exported="false"
196-->[com.google.firebase:firebase-common:20.1.1] AndroidManifest.xml:30:13-37
197            android:initOrder="100" />
197-->[com.google.firebase:firebase-common:20.1.1] AndroidManifest.xml:31:13-36
198
199        <activity
199-->[com.google.android.gms:play-services-auth:19.2.0] AndroidManifest.xml:23:9-27:75
200            android:name="com.google.android.gms.auth.api.signin.internal.SignInHubActivity"
200-->[com.google.android.gms:play-services-auth:19.2.0] AndroidManifest.xml:24:13-93
201            android:excludeFromRecents="true"
201-->[com.google.android.gms:play-services-auth:19.2.0] AndroidManifest.xml:25:13-46
202            android:exported="false"
202-->[com.google.android.gms:play-services-auth:19.2.0] AndroidManifest.xml:26:13-37
203            android:theme="@android:style/Theme.Translucent.NoTitleBar" />
203-->[com.google.android.gms:play-services-auth:19.2.0] AndroidManifest.xml:27:13-72
204        <!--
205            Service handling Google Sign-In user revocation. For apps that do not integrate with
206            Google Sign-In, this service will never be started.
207        -->
208        <service
208-->[com.google.android.gms:play-services-auth:19.2.0] AndroidManifest.xml:33:9-37:51
209            android:name="com.google.android.gms.auth.api.signin.RevocationBoundService"
209-->[com.google.android.gms:play-services-auth:19.2.0] AndroidManifest.xml:34:13-89
210            android:exported="true"
210-->[com.google.android.gms:play-services-auth:19.2.0] AndroidManifest.xml:35:13-36
211            android:permission="com.google.android.gms.auth.api.signin.permission.REVOCATION_NOTIFICATION"
211-->[com.google.android.gms:play-services-auth:19.2.0] AndroidManifest.xml:36:13-107
212            android:visibleToInstantApps="true" />
212-->[com.google.android.gms:play-services-auth:19.2.0] AndroidManifest.xml:37:13-48
213
214        <receiver
214-->[com.google.android.gms:play-services-measurement:21.1.0] AndroidManifest.xml:29:9-33:20
215            android:name="com.google.android.gms.measurement.AppMeasurementReceiver"
215-->[com.google.android.gms:play-services-measurement:21.1.0] AndroidManifest.xml:30:13-85
216            android:enabled="true"
216-->[com.google.android.gms:play-services-measurement:21.1.0] AndroidManifest.xml:31:13-35
217            android:exported="false" >
217-->[com.google.android.gms:play-services-measurement:21.1.0] AndroidManifest.xml:32:13-37
218        </receiver>
219
220        <service
220-->[com.google.android.gms:play-services-measurement:21.1.0] AndroidManifest.xml:35:9-38:40
221            android:name="com.google.android.gms.measurement.AppMeasurementService"
221-->[com.google.android.gms:play-services-measurement:21.1.0] AndroidManifest.xml:36:13-84
222            android:enabled="true"
222-->[com.google.android.gms:play-services-measurement:21.1.0] AndroidManifest.xml:37:13-35
223            android:exported="false" />
223-->[com.google.android.gms:play-services-measurement:21.1.0] AndroidManifest.xml:38:13-37
224        <service
224-->[com.google.android.gms:play-services-measurement:21.1.0] AndroidManifest.xml:39:9-43:72
225            android:name="com.google.android.gms.measurement.AppMeasurementJobService"
225-->[com.google.android.gms:play-services-measurement:21.1.0] AndroidManifest.xml:40:13-87
226            android:enabled="true"
226-->[com.google.android.gms:play-services-measurement:21.1.0] AndroidManifest.xml:41:13-35
227            android:exported="false"
227-->[com.google.android.gms:play-services-measurement:21.1.0] AndroidManifest.xml:42:13-37
228            android:permission="android.permission.BIND_JOB_SERVICE" />
228-->[com.google.android.gms:play-services-measurement:21.1.0] AndroidManifest.xml:43:13-69
229
230        <activity
230-->[com.google.android.gms:play-services-base:18.0.1] AndroidManifest.xml:20:9-22:45
231            android:name="com.google.android.gms.common.api.GoogleApiActivity"
231-->[com.google.android.gms:play-services-base:18.0.1] AndroidManifest.xml:20:19-85
232            android:exported="false"
232-->[com.google.android.gms:play-services-base:18.0.1] AndroidManifest.xml:22:19-43
233            android:theme="@android:style/Theme.Translucent.NoTitleBar" />
233-->[com.google.android.gms:play-services-base:18.0.1] AndroidManifest.xml:21:19-78
234
235        <meta-data
235-->[com.google.android.gms:play-services-basement:18.0.0] AndroidManifest.xml:21:9-23:69
236            android:name="com.google.android.gms.version"
236-->[com.google.android.gms:play-services-basement:18.0.0] AndroidManifest.xml:22:13-58
237            android:value="@integer/google_play_services_version" />
237-->[com.google.android.gms:play-services-basement:18.0.0] AndroidManifest.xml:23:13-66
238    </application>
239
240</manifest>